{"/Users/filipwozniak/Desktop/awsome-games/projekt-zespolowy/api/src/controllers/game/gameController.ts": {"path":"/Users/filipwozniak/Desktop/awsome-games/projekt-zespolowy/api/src/controllers/game/gameController.ts","statementMap":{"0":{"start":{"line":2,"column":0},"end":{"line":2,"column":41}},"1":{"start":{"line":3,"column":0},"end":{"line":3,"column":27}},"2":{"start":{"line":4,"column":0},"end":{"line":4,"column":16}},"3":{"start":{"line":6,"column":23},"end":{"line":78,"column":null}},"4":{"start":{"line":8,"column":51},"end":{"line":48,"column":null}},"5":{"start":{"line":9,"column":8},"end":{"line":47,"column":null}},"6":{"start":{"line":10,"column":58},"end":{"line":10,"column":66}},"7":{"start":{"line":12,"column":12},"end":{"line":18,"column":null}},"8":{"start":{"line":13,"column":29},"end":{"line":15,"column":18}},"9":{"start":{"line":16,"column":49},"end":{"line":16,"column":81}},"10":{"start":{"line":16,"column":27},"end":{"line":16,"column":32}},"11":{"start":{"line":16,"column":44},"end":{"line":16,"column":49}},"12":{"start":{"line":17,"column":16},"end":{"line":17,"column":58}},"13":{"start":{"line":20,"column":12},"end":{"line":27,"column":null}},"14":{"start":{"line":21,"column":29},"end":{"line":24,"column":18}},"15":{"start":{"line":25,"column":49},"end":{"line":25,"column":81}},"16":{"start":{"line":25,"column":27},"end":{"line":25,"column":32}},"17":{"start":{"line":25,"column":44},"end":{"line":25,"column":49}},"18":{"start":{"line":26,"column":16},"end":{"line":26,"column":58}},"19":{"start":{"line":29,"column":12},"end":{"line":36,"column":null}},"20":{"start":{"line":30,"column":29},"end":{"line":33,"column":18}},"21":{"start":{"line":34,"column":49},"end":{"line":34,"column":81}},"22":{"start":{"line":34,"column":27},"end":{"line":34,"column":32}},"23":{"start":{"line":34,"column":44},"end":{"line":34,"column":49}},"24":{"start":{"line":35,"column":16},"end":{"line":35,"column":58}},"25":{"start":{"line":38,"column":25},"end":{"line":42,"column":14}},"26":{"start":{"line":43,"column":45},"end":{"line":43,"column":77}},"27":{"start":{"line":43,"column":23},"end":{"line":43,"column":28}},"28":{"start":{"line":43,"column":40},"end":{"line":43,"column":45}},"29":{"start":{"line":44,"column":12},"end":{"line":44,"column":54}},"30":{"start":{"line":46,"column":12},"end":{"line":46,"column":null}},"31":{"start":{"line":51,"column":51},"end":{"line":58,"column":null}},"32":{"start":{"line":52,"column":8},"end":{"line":57,"column":null}},"33":{"start":{"line":53,"column":25},"end":{"line":53,"column":67}},"34":{"start":{"line":54,"column":12},"end":{"line":54,"column":46}},"35":{"start":{"line":56,"column":12},"end":{"line":56,"column":47}},"36":{"start":{"line":60,"column":53},"end":{"line":67,"column":null}},"37":{"start":{"line":61,"column":8},"end":{"line":66,"column":null}},"38":{"start":{"line":62,"column":26},"end":{"line":62,"column":45}},"39":{"start":{"line":63,"column":12},"end":{"line":63,"column":47}},"40":{"start":{"line":65,"column":12},"end":{"line":65,"column":47}},"41":{"start":{"line":70,"column":54},"end":{"line":77,"column":null}},"42":{"start":{"line":71,"column":8},"end":{"line":76,"column":null}},"43":{"start":{"line":72,"column":12},"end":{"line":72,"column":60}},"44":{"start":{"line":73,"column":12},"end":{"line":73,"column":62}},"45":{"start":{"line":75,"column":12},"end":{"line":75,"column":null}},"46":{"start":{"line":80,"column":0},"end":{"line":80,"column":30}}},"fnMap":{"0":{"name":"(anonymous_9)","decl":{"start":{"line":8,"column":13},"end":{"line":8,"column":20}},"loc":{"start":{"line":8,"column":51},"end":{"line":48,"column":null}}},"1":{"name":"(anonymous_10)","decl":{"start":{"line":8,"column":51},"end":{"line":8,"column":null}},"loc":{"start":{"line":8,"column":51},"end":{"line":48,"column":5}}},"2":{"name":"(anonymous_11)","decl":{"start":{"line":51,"column":13},"end":{"line":51,"column":20}},"loc":{"start":{"line":51,"column":51},"end":{"line":58,"column":null}}},"3":{"name":"(anonymous_12)","decl":{"start":{"line":51,"column":51},"end":{"line":51,"column":null}},"loc":{"start":{"line":51,"column":51},"end":{"line":58,"column":5}}},"4":{"name":"(anonymous_13)","decl":{"start":{"line":60,"column":14},"end":{"line":60,"column":21}},"loc":{"start":{"line":60,"column":53},"end":{"line":67,"column":null}}},"5":{"name":"(anonymous_14)","decl":{"start":{"line":60,"column":53},"end":{"line":60,"column":null}},"loc":{"start":{"line":60,"column":53},"end":{"line":67,"column":5}}},"6":{"name":"(anonymous_15)","decl":{"start":{"line":70,"column":16},"end":{"line":70,"column":23}},"loc":{"start":{"line":70,"column":54},"end":{"line":77,"column":null}}},"7":{"name":"(anonymous_16)","decl":{"start":{"line":70,"column":54},"end":{"line":70,"column":null}},"loc":{"start":{"line":70,"column":54},"end":{"line":77,"column":5}}}},"branchMap":{"0":{"loc":{"start":{"line":12,"column":12},"end":{"line":18,"column":null}},"type":"if","locations":[{"start":{"line":12,"column":12},"end":{"line":18,"column":null}}]},"1":{"loc":{"start":{"line":12,"column":16},"end":{"line":12,"column":47}},"type":"binary-expr","locations":[{"start":{"line":12,"column":16},"end":{"line":12,"column":32}},{"start":{"line":12,"column":36},"end":{"line":12,"column":47}}]},"2":{"loc":{"start":{"line":20,"column":12},"end":{"line":27,"column":null}},"type":"if","locations":[{"start":{"line":20,"column":12},"end":{"line":27,"column":null}}]},"3":{"loc":{"start":{"line":20,"column":16},"end":{"line":20,"column":46}},"type":"binary-expr","locations":[{"start":{"line":20,"column":16},"end":{"line":20,"column":32}},{"start":{"line":20,"column":36},"end":{"line":20,"column":46}}]},"4":{"loc":{"start":{"line":29,"column":12},"end":{"line":36,"column":null}},"type":"if","locations":[{"start":{"line":29,"column":12},"end":{"line":36,"column":null}}]},"5":{"loc":{"start":{"line":29,"column":16},"end":{"line":29,"column":46}},"type":"binary-expr","locations":[{"start":{"line":29,"column":16},"end":{"line":29,"column":31}},{"start":{"line":29,"column":35},"end":{"line":29,"column":46}}]}},"s":{"0":2,"1":2,"2":2,"3":2,"4":4,"5":4,"6":4,"7":4,"8":1,"9":1,"10":1,"11":1,"12":1,"13":3,"14":1,"15":1,"16":1,"17":1,"18":1,"19":2,"20":1,"21":1,"22":1,"23":1,"24":1,"25":1,"26":1,"27":1,"28":1,"29":1,"30":0,"31":2,"32":2,"33":2,"34":2,"35":0,"36":1,"37":1,"38":1,"39":1,"40":0,"41":2,"42":2,"43":2,"44":2,"45":0,"46":2},"f":{"0":4,"1":4,"2":2,"3":2,"4":1,"5":1,"6":2,"7":2},"b":{"0":[1],"1":[4,2],"2":[1],"3":[3,1],"4":[1],"5":[2,2]}}
,"/Users/filipwozniak/Desktop/awsome-games/projekt-zespolowy/api/src/controllers/ranking/rankingController.ts": {"path":"/Users/filipwozniak/Desktop/awsome-games/projekt-zespolowy/api/src/controllers/ranking/rankingController.ts","statementMap":{"0":{"start":{"line":2,"column":0},"end":{"line":2,"column":41}},"1":{"start":{"line":3,"column":0},"end":{"line":3,"column":41}},"2":{"start":{"line":4,"column":0},"end":{"line":4,"column":43}},"3":{"start":{"line":5,"column":0},"end":{"line":5,"column":27}},"4":{"start":{"line":6,"column":0},"end":{"line":6,"column":16}},"5":{"start":{"line":8,"column":26},"end":{"line":140,"column":2}},"6":{"start":{"line":9,"column":54},"end":{"line":98,"column":null}},"7":{"start":{"line":10,"column":8},"end":{"line":97,"column":null}},"8":{"start":{"line":11,"column":25},"end":{"line":11,"column":78}},"9":{"start":{"line":13,"column":12},"end":{"line":51,"column":null}},"10":{"start":{"line":14,"column":31},"end":{"line":48,"column":25}},"11":{"start":{"line":50,"column":16},"end":{"line":50,"column":52}},"12":{"start":{"line":53,"column":12},"end":{"line":91,"column":null}},"13":{"start":{"line":54,"column":31},"end":{"line":88,"column":25}},"14":{"start":{"line":90,"column":16},"end":{"line":90,"column":52}},"15":{"start":{"line":93,"column":12},"end":{"line":93,"column":85}},"16":{"start":{"line":95,"column":12},"end":{"line":95,"column":43}},"17":{"start":{"line":96,"column":12},"end":{"line":96,"column":81}},"18":{"start":{"line":99,"column":61},"end":{"line":139,"column":null}},"19":{"start":{"line":100,"column":8},"end":{"line":138,"column":null}},"20":{"start":{"line":101,"column":25},"end":{"line":101,"column":71}},"21":{"start":{"line":102,"column":25},"end":{"line":102,"column":82}},"22":{"start":{"line":104,"column":12},"end":{"line":130,"column":null}},"23":{"start":{"line":105,"column":31},"end":{"line":127,"column":25}},"24":{"start":{"line":129,"column":16},"end":{"line":129,"column":52}},"25":{"start":{"line":132,"column":12},"end":{"line":132,"column":66}},"26":{"start":{"line":133,"column":12},"end":{"line":133,"column":36}},"27":{"start":{"line":134,"column":12},"end":{"line":134,"column":85}},"28":{"start":{"line":136,"column":12},"end":{"line":136,"column":43}},"29":{"start":{"line":137,"column":12},"end":{"line":137,"column":81}},"30":{"start":{"line":142,"column":0},"end":{"line":142,"column":33}}},"fnMap":{"0":{"name":"(anonymous_8)","decl":{"start":{"line":9,"column":16},"end":{"line":9,"column":23}},"loc":{"start":{"line":9,"column":54},"end":{"line":98,"column":null}}},"1":{"name":"(anonymous_9)","decl":{"start":{"line":9,"column":54},"end":{"line":9,"column":null}},"loc":{"start":{"line":9,"column":54},"end":{"line":98,"column":5}}},"2":{"name":"(anonymous_10)","decl":{"start":{"line":99,"column":23},"end":{"line":99,"column":30}},"loc":{"start":{"line":99,"column":61},"end":{"line":139,"column":null}}},"3":{"name":"(anonymous_11)","decl":{"start":{"line":99,"column":61},"end":{"line":99,"column":null}},"loc":{"start":{"line":99,"column":61},"end":{"line":139,"column":5}}}},"branchMap":{"0":{"loc":{"start":{"line":13,"column":12},"end":{"line":51,"column":null}},"type":"if","locations":[{"start":{"line":13,"column":12},"end":{"line":51,"column":null}}]},"1":{"loc":{"start":{"line":53,"column":12},"end":{"line":91,"column":null}},"type":"if","locations":[{"start":{"line":53,"column":12},"end":{"line":91,"column":null}}]},"2":{"loc":{"start":{"line":104,"column":12},"end":{"line":130,"column":null}},"type":"if","locations":[{"start":{"line":104,"column":12},"end":{"line":130,"column":null}}]},"3":{"loc":{"start":{"line":104,"column":16},"end":{"line":104,"column":50}},"type":"binary-expr","locations":[{"start":{"line":104,"column":16},"end":{"line":104,"column":31}},{"start":{"line":104,"column":35},"end":{"line":104,"column":50}}]}},"s":{"0":2,"1":2,"2":2,"3":2,"4":2,"5":2,"6":2,"7":2,"8":2,"9":2,"10":0,"11":0,"12":2,"13":1,"14":1,"15":1,"16":0,"17":0,"18":2,"19":2,"20":2,"21":2,"22":2,"23":1,"24":1,"25":1,"26":1,"27":1,"28":0,"29":0,"30":2},"f":{"0":2,"1":2,"2":2,"3":2},"b":{"0":[0],"1":[1],"2":[1],"3":[2,2]}}
,"/Users/filipwozniak/Desktop/awsome-games/projekt-zespolowy/api/src/controllers/score/scoreController.ts": {"path":"/Users/filipwozniak/Desktop/awsome-games/projekt-zespolowy/api/src/controllers/score/scoreController.ts","statementMap":{"0":{"start":{"line":2,"column":0},"end":{"line":2,"column":43}},"1":{"start":{"line":3,"column":0},"end":{"line":3,"column":27}},"2":{"start":{"line":4,"column":0},"end":{"line":4,"column":41}},"3":{"start":{"line":5,"column":0},"end":{"line":5,"column":41}},"4":{"start":{"line":6,"column":0},"end":{"line":6,"column":16}},"5":{"start":{"line":8,"column":24},"end":{"line":76,"column":null}},"6":{"start":{"line":10,"column":52},"end":{"line":30,"column":null}},"7":{"start":{"line":11,"column":36},"end":{"line":11,"column":44}},"8":{"start":{"line":13,"column":8},"end":{"line":29,"column":null}},"9":{"start":{"line":14,"column":25},"end":{"line":14,"column":75}},"10":{"start":{"line":15,"column":25},"end":{"line":15,"column":60}},"11":{"start":{"line":17,"column":12},"end":{"line":25,"column":null}},"12":{"start":{"line":18,"column":33},"end":{"line":22,"column":18}},"13":{"start":{"line":23,"column":54},"end":{"line":23,"column":90}},"14":{"start":{"line":23,"column":27},"end":{"line":23,"column":33}},"15":{"start":{"line":23,"column":49},"end":{"line":23,"column":54}},"16":{"start":{"line":24,"column":16},"end":{"line":24,"column":62}},"17":{"start":{"line":26,"column":12},"end":{"line":26,"column":85}},"18":{"start":{"line":28,"column":12},"end":{"line":28,"column":47}},"19":{"start":{"line":33,"column":52},"end":{"line":41,"column":null}},"20":{"start":{"line":34,"column":8},"end":{"line":40,"column":null}},"21":{"start":{"line":35,"column":25},"end":{"line":35,"column":90}},"22":{"start":{"line":36,"column":27},"end":{"line":36,"column":81}},"23":{"start":{"line":37,"column":12},"end":{"line":37,"column":48}},"24":{"start":{"line":39,"column":12},"end":{"line":39,"column":47}},"25":{"start":{"line":44,"column":60},"end":{"line":56,"column":null}},"26":{"start":{"line":45,"column":8},"end":{"line":55,"column":null}},"27":{"start":{"line":46,"column":25},"end":{"line":46,"column":75}},"28":{"start":{"line":47,"column":25},"end":{"line":47,"column":71}},"29":{"start":{"line":49,"column":12},"end":{"line":52,"column":null}},"30":{"start":{"line":50,"column":31},"end":{"line":50,"column":104}},"31":{"start":{"line":51,"column":16},"end":{"line":51,"column":52}},"32":{"start":{"line":54,"column":12},"end":{"line":54,"column":47}},"33":{"start":{"line":59,"column":52},"end":{"line":66,"column":null}},"34":{"start":{"line":60,"column":8},"end":{"line":65,"column":null}},"35":{"start":{"line":61,"column":26},"end":{"line":61,"column":81}},"36":{"start":{"line":62,"column":12},"end":{"line":62,"column":47}},"37":{"start":{"line":64,"column":12},"end":{"line":64,"column":47}},"38":{"start":{"line":68,"column":55},"end":{"line":75,"column":null}},"39":{"start":{"line":69,"column":8},"end":{"line":74,"column":null}},"40":{"start":{"line":70,"column":12},"end":{"line":70,"column":58}},"41":{"start":{"line":71,"column":12},"end":{"line":71,"column":64}},"42":{"start":{"line":73,"column":12},"end":{"line":73,"column":47}},"43":{"start":{"line":78,"column":0},"end":{"line":78,"column":31}}},"fnMap":{"0":{"name":"(anonymous_9)","decl":{"start":{"line":10,"column":14},"end":{"line":10,"column":21}},"loc":{"start":{"line":10,"column":52},"end":{"line":30,"column":null}}},"1":{"name":"(anonymous_10)","decl":{"start":{"line":10,"column":52},"end":{"line":10,"column":null}},"loc":{"start":{"line":10,"column":52},"end":{"line":30,"column":5}}},"2":{"name":"(anonymous_11)","decl":{"start":{"line":33,"column":14},"end":{"line":33,"column":21}},"loc":{"start":{"line":33,"column":52},"end":{"line":41,"column":null}}},"3":{"name":"(anonymous_12)","decl":{"start":{"line":33,"column":52},"end":{"line":33,"column":null}},"loc":{"start":{"line":33,"column":52},"end":{"line":41,"column":5}}},"4":{"name":"(anonymous_13)","decl":{"start":{"line":44,"column":22},"end":{"line":44,"column":29}},"loc":{"start":{"line":44,"column":60},"end":{"line":56,"column":null}}},"5":{"name":"(anonymous_14)","decl":{"start":{"line":44,"column":60},"end":{"line":44,"column":null}},"loc":{"start":{"line":44,"column":60},"end":{"line":56,"column":5}}},"6":{"name":"(anonymous_15)","decl":{"start":{"line":59,"column":14},"end":{"line":59,"column":21}},"loc":{"start":{"line":59,"column":52},"end":{"line":66,"column":null}}},"7":{"name":"(anonymous_16)","decl":{"start":{"line":59,"column":52},"end":{"line":59,"column":null}},"loc":{"start":{"line":59,"column":52},"end":{"line":66,"column":5}}},"8":{"name":"(anonymous_17)","decl":{"start":{"line":68,"column":17},"end":{"line":68,"column":24}},"loc":{"start":{"line":68,"column":55},"end":{"line":75,"column":null}}},"9":{"name":"(anonymous_18)","decl":{"start":{"line":68,"column":55},"end":{"line":68,"column":null}},"loc":{"start":{"line":68,"column":55},"end":{"line":75,"column":5}}}},"branchMap":{"0":{"loc":{"start":{"line":17,"column":12},"end":{"line":25,"column":null}},"type":"if","locations":[{"start":{"line":17,"column":12},"end":{"line":25,"column":null}}]},"1":{"loc":{"start":{"line":17,"column":16},"end":{"line":17,"column":28}},"type":"binary-expr","locations":[{"start":{"line":17,"column":16},"end":{"line":17,"column":20}},{"start":{"line":17,"column":24},"end":{"line":17,"column":28}}]},"2":{"loc":{"start":{"line":49,"column":12},"end":{"line":52,"column":null}},"type":"if","locations":[{"start":{"line":49,"column":12},"end":{"line":52,"column":null}}]},"3":{"loc":{"start":{"line":49,"column":16},"end":{"line":49,"column":28}},"type":"binary-expr","locations":[{"start":{"line":49,"column":16},"end":{"line":49,"column":20}},{"start":{"line":49,"column":24},"end":{"line":49,"column":28}}]}},"s":{"0":2,"1":2,"2":2,"3":2,"4":2,"5":2,"6":4,"7":4,"8":4,"9":4,"10":4,"11":4,"12":4,"13":3,"14":3,"15":3,"16":3,"17":0,"18":1,"19":2,"20":2,"21":2,"22":2,"23":1,"24":1,"25":2,"26":2,"27":2,"28":2,"29":2,"30":2,"31":1,"32":1,"33":2,"34":2,"35":2,"36":1,"37":1,"38":2,"39":2,"40":2,"41":1,"42":1,"43":2},"f":{"0":4,"1":4,"2":2,"3":2,"4":2,"5":2,"6":2,"7":2,"8":2,"9":2},"b":{"0":[4],"1":[4,4],"2":[2],"3":[2,2]}}
,"/Users/filipwozniak/Desktop/awsome-games/projekt-zespolowy/api/src/controllers/user/authController.ts": {"path":"/Users/filipwozniak/Desktop/awsome-games/projekt-zespolowy/api/src/controllers/user/authController.ts","statementMap":{"0":{"start":{"line":1,"column":0},"end":{"line":1,"column":30}},"1":{"start":{"line":2,"column":0},"end":{"line":2,"column":41}},"2":{"start":{"line":3,"column":0},"end":{"line":3,"column":43}},"3":{"start":{"line":4,"column":0},"end":{"line":4,"column":28}},"4":{"start":{"line":6,"column":0},"end":{"line":6,"column":51}},"5":{"start":{"line":7,"column":0},"end":{"line":7,"column":67}},"6":{"start":{"line":8,"column":0},"end":{"line":8,"column":33}},"7":{"start":{"line":9,"column":0},"end":{"line":9,"column":16}},"8":{"start":{"line":11,"column":24},"end":{"line":192,"column":null}},"9":{"start":{"line":12,"column":55},"end":{"line":67,"column":null}},"10":{"start":{"line":14,"column":29},"end":{"line":14,"column":60}},"11":{"start":{"line":15,"column":30},"end":{"line":15,"column":62}},"12":{"start":{"line":17,"column":44},"end":{"line":17,"column":52}},"13":{"start":{"line":19,"column":24},"end":{"line":19,"column":71}},"14":{"start":{"line":20,"column":21},"end":{"line":20,"column":64}},"15":{"start":{"line":22,"column":8},"end":{"line":24,"column":null}},"16":{"start":{"line":23,"column":12},"end":{"line":23,"column":69}},"17":{"start":{"line":26,"column":8},"end":{"line":66,"column":null}},"18":{"start":{"line":27,"column":27},"end":{"line":27,"column":72}},"19":{"start":{"line":28,"column":12},"end":{"line":61,"column":null}},"20":{"start":{"line":31,"column":36},"end":{"line":34,"column":null}},"21":{"start":{"line":36,"column":37},"end":{"line":39,"column":null}},"22":{"start":{"line":42,"column":16},"end":{"line":42,"column":49}},"23":{"start":{"line":43,"column":16},"end":{"line":43,"column":34}},"24":{"start":{"line":45,"column":16},"end":{"line":48,"column":19}},"25":{"start":{"line":49,"column":16},"end":{"line":57,"column":19}},"26":{"start":{"line":60,"column":16},"end":{"line":60,"column":73}},"27":{"start":{"line":64,"column":12},"end":{"line":64,"column":null}},"28":{"start":{"line":65,"column":12},"end":{"line":65,"column":71}},"29":{"start":{"line":68,"column":56},"end":{"line":84,"column":null}},"30":{"start":{"line":69,"column":24},"end":{"line":69,"column":35}},"31":{"start":{"line":71,"column":8},"end":{"line":73,"column":10}},"32":{"start":{"line":72,"column":12},"end":{"line":72,"column":null}},"33":{"start":{"line":75,"column":21},"end":{"line":75,"column":78}},"34":{"start":{"line":77,"column":8},"end":{"line":80,"column":null}},"35":{"start":{"line":78,"column":12},"end":{"line":78,"column":35}},"36":{"start":{"line":79,"column":12},"end":{"line":79,"column":30}},"37":{"start":{"line":81,"column":8},"end":{"line":81,"column":60}},"38":{"start":{"line":82,"column":8},"end":{"line":82,"column":52}},"39":{"start":{"line":83,"column":8},"end":{"line":83,"column":28}},"40":{"start":{"line":85,"column":58},"end":{"line":151,"column":null}},"41":{"start":{"line":86,"column":26},"end":{"line":86,"column":80}},"42":{"start":{"line":87,"column":30},"end":{"line":87,"column":86}},"43":{"start":{"line":88,"column":44},"end":{"line":88,"column":52}},"44":{"start":{"line":90,"column":8},"end":{"line":150,"column":null}},"45":{"start":{"line":91,"column":37},"end":{"line":91,"column":69}},"46":{"start":{"line":92,"column":12},"end":{"line":94,"column":null}},"47":{"start":{"line":93,"column":16},"end":{"line":93,"column":84}},"48":{"start":{"line":96,"column":34},"end":{"line":96,"column":63}},"49":{"start":{"line":97,"column":12},"end":{"line":99,"column":null}},"50":{"start":{"line":98,"column":16},"end":{"line":98,"column":80}},"51":{"start":{"line":102,"column":12},"end":{"line":110,"column":null}},"52":{"start":{"line":103,"column":16},"end":{"line":109,"column":22}},"53":{"start":{"line":111,"column":34},"end":{"line":111,"column":83}},"54":{"start":{"line":112,"column":25},"end":{"line":116,"column":14}},"55":{"start":{"line":118,"column":32},"end":{"line":120,"column":null}},"56":{"start":{"line":122,"column":33},"end":{"line":124,"column":null}},"57":{"start":{"line":127,"column":12},"end":{"line":127,"column":45}},"58":{"start":{"line":128,"column":12},"end":{"line":128,"column":30}},"59":{"start":{"line":130,"column":12},"end":{"line":133,"column":15}},"60":{"start":{"line":134,"column":12},"end":{"line":141,"column":15}},"61":{"start":{"line":146,"column":12},"end":{"line":148,"column":null}},"62":{"start":{"line":147,"column":16},"end":{"line":147,"column":98}},"63":{"start":{"line":149,"column":12},"end":{"line":149,"column":71}},"64":{"start":{"line":152,"column":62},"end":{"line":190,"column":null}},"65":{"start":{"line":153,"column":24},"end":{"line":153,"column":35}},"66":{"start":{"line":155,"column":30},"end":{"line":155,"column":62}},"67":{"start":{"line":156,"column":29},"end":{"line":156,"column":60}},"68":{"start":{"line":158,"column":8},"end":{"line":160,"column":null}},"69":{"start":{"line":159,"column":12},"end":{"line":159,"column":39}},"70":{"start":{"line":162,"column":29},"end":{"line":162,"column":49}},"71":{"start":{"line":164,"column":21},"end":{"line":164,"column":57}},"72":{"start":{"line":165,"column":8},"end":{"line":189,"column":null}},"73":{"start":{"line":165,"column":19},"end":{"line":165,"column":39}},"74":{"start":{"line":168,"column":12},"end":{"line":188,"column":null}},"75":{"start":{"line":172,"column":20},"end":{"line":172,"column":49}},"76":{"start":{"line":172,"column":29},"end":{"line":172,"column":49}},"77":{"start":{"line":174,"column":40},"end":{"line":177,"column":null}},"78":{"start":{"line":179,"column":20},"end":{"line":186,"column":23}},"79":{"start":{"line":194,"column":0},"end":{"line":194,"column":30}}},"fnMap":{"0":{"name":"(anonymous_8)","decl":{"start":{"line":12,"column":17},"end":{"line":12,"column":24}},"loc":{"start":{"line":12,"column":55},"end":{"line":67,"column":null}}},"1":{"name":"(anonymous_9)","decl":{"start":{"line":12,"column":55},"end":{"line":12,"column":null}},"loc":{"start":{"line":12,"column":55},"end":{"line":67,"column":5}}},"2":{"name":"(anonymous_10)","decl":{"start":{"line":68,"column":18},"end":{"line":68,"column":25}},"loc":{"start":{"line":68,"column":56},"end":{"line":84,"column":null}}},"3":{"name":"(anonymous_11)","decl":{"start":{"line":68,"column":56},"end":{"line":68,"column":null}},"loc":{"start":{"line":68,"column":56},"end":{"line":84,"column":5}}},"4":{"name":"(anonymous_12)","decl":{"start":{"line":85,"column":20},"end":{"line":85,"column":27}},"loc":{"start":{"line":85,"column":58},"end":{"line":151,"column":null}}},"5":{"name":"(anonymous_13)","decl":{"start":{"line":85,"column":58},"end":{"line":85,"column":null}},"loc":{"start":{"line":85,"column":58},"end":{"line":151,"column":5}}},"6":{"name":"(anonymous_14)","decl":{"start":{"line":152,"column":24},"end":{"line":152,"column":31}},"loc":{"start":{"line":152,"column":62},"end":{"line":190,"column":null}}},"7":{"name":"(anonymous_15)","decl":{"start":{"line":152,"column":62},"end":{"line":152,"column":null}},"loc":{"start":{"line":152,"column":62},"end":{"line":190,"column":5}}},"8":{"name":"(anonymous_16)","decl":{"start":{"line":171,"column":16},"end":{"line":171,"column":17}},"loc":{"start":{"line":171,"column":47},"end":{"line":187,"column":17}}}},"branchMap":{"0":{"loc":{"start":{"line":22,"column":8},"end":{"line":24,"column":null}},"type":"if","locations":[{"start":{"line":22,"column":8},"end":{"line":24,"column":null}}]},"1":{"loc":{"start":{"line":28,"column":12},"end":{"line":61,"column":null}},"type":"if","locations":[{"start":{"line":28,"column":12},"end":{"line":61,"column":null}},{"start":{"line":58,"column":19},"end":{"line":61,"column":null}}]},"2":{"loc":{"start":{"line":71,"column":8},"end":{"line":73,"column":10}},"type":"if","locations":[{"start":{"line":71,"column":8},"end":{"line":73,"column":10}}]},"3":{"loc":{"start":{"line":77,"column":8},"end":{"line":80,"column":null}},"type":"if","locations":[{"start":{"line":77,"column":8},"end":{"line":80,"column":null}}]},"4":{"loc":{"start":{"line":86,"column":26},"end":{"line":86,"column":80}},"type":"binary-expr","locations":[{"start":{"line":86,"column":26},"end":{"line":86,"column":57}},{"start":{"line":86,"column":61},"end":{"line":86,"column":80}}]},"5":{"loc":{"start":{"line":87,"column":30},"end":{"line":87,"column":86}},"type":"binary-expr","locations":[{"start":{"line":87,"column":30},"end":{"line":87,"column":62}},{"start":{"line":87,"column":66},"end":{"line":87,"column":86}}]},"6":{"loc":{"start":{"line":92,"column":12},"end":{"line":94,"column":null}},"type":"if","locations":[{"start":{"line":92,"column":12},"end":{"line":94,"column":null}}]},"7":{"loc":{"start":{"line":97,"column":12},"end":{"line":99,"column":null}},"type":"if","locations":[{"start":{"line":97,"column":12},"end":{"line":99,"column":null}}]},"8":{"loc":{"start":{"line":102,"column":12},"end":{"line":110,"column":null}},"type":"if","locations":[{"start":{"line":102,"column":12},"end":{"line":110,"column":null}}]},"9":{"loc":{"start":{"line":146,"column":12},"end":{"line":148,"column":null}},"type":"if","locations":[{"start":{"line":146,"column":12},"end":{"line":148,"column":null}}]},"10":{"loc":{"start":{"line":158,"column":8},"end":{"line":160,"column":null}},"type":"if","locations":[{"start":{"line":158,"column":8},"end":{"line":160,"column":null}}]},"11":{"loc":{"start":{"line":158,"column":13},"end":{"line":158,"column":34}},"type":"cond-expr","locations":[{"start":{"line":158,"column":20},"end":{"line":158,"column":22}},{"start":{"line":158,"column":13},"end":{"line":158,"column":34}}]},"12":{"loc":{"start":{"line":158,"column":13},"end":{"line":158,"column":22}},"type":"binary-expr","locations":[{"start":{"line":158,"column":13},"end":{"line":158,"column":22}},{"start":{"line":158,"column":13},"end":{"line":158,"column":22}}]},"13":{"loc":{"start":{"line":165,"column":8},"end":{"line":189,"column":null}},"type":"if","locations":[{"start":{"line":165,"column":8},"end":{"line":189,"column":null}},{"start":{"line":166,"column":12},"end":{"line":189,"column":null}}]},"14":{"loc":{"start":{"line":172,"column":20},"end":{"line":172,"column":49}},"type":"if","locations":[{"start":{"line":172,"column":20},"end":{"line":172,"column":49}}]}},"s":{"0":2,"1":2,"2":2,"3":2,"4":2,"5":2,"6":2,"7":2,"8":2,"9":4,"10":4,"11":4,"12":4,"13":4,"14":4,"15":4,"16":1,"17":3,"18":3,"19":3,"20":2,"21":2,"22":2,"23":2,"24":2,"25":2,"26":1,"27":0,"28":0,"29":1,"30":1,"31":1,"32":1,"33":0,"34":0,"35":0,"36":0,"37":0,"38":0,"39":0,"40":6,"41":6,"42":6,"43":6,"44":6,"45":6,"46":6,"47":1,"48":5,"49":5,"50":1,"51":4,"52":1,"53":3,"54":3,"55":1,"56":1,"57":1,"58":1,"59":1,"60":1,"61":2,"62":2,"63":0,"64":3,"65":3,"66":3,"67":3,"68":3,"69":1,"70":2,"71":2,"72":2,"73":1,"74":1,"75":1,"76":0,"77":1,"78":1,"79":2},"f":{"0":4,"1":4,"2":1,"3":1,"4":6,"5":6,"6":3,"7":3,"8":1},"b":{"0":[1],"1":[2,1],"2":[1],"3":[0],"4":[6,0],"5":[6,0],"6":[1],"7":[1],"8":[1],"9":[2],"10":[1],"11":[0,3],"12":[3,3],"13":[1,1],"14":[0]}}
,"/Users/filipwozniak/Desktop/awsome-games/projekt-zespolowy/api/src/controllers/user/userController.ts": {"path":"/Users/filipwozniak/Desktop/awsome-games/projekt-zespolowy/api/src/controllers/user/userController.ts","statementMap":{"0":{"start":{"line":2,"column":0},"end":{"line":2,"column":41}},"1":{"start":{"line":4,"column":0},"end":{"line":4,"column":27}},"2":{"start":{"line":5,"column":0},"end":{"line":5,"column":67}},"3":{"start":{"line":6,"column":0},"end":{"line":6,"column":30}},"4":{"start":{"line":7,"column":0},"end":{"line":7,"column":16}},"5":{"start":{"line":9,"column":22},"end":{"line":23,"column":2}},"6":{"start":{"line":9,"column":75},"end":{"line":23,"column":2}},"7":{"start":{"line":10,"column":18},"end":{"line":10,"column":34}},"8":{"start":{"line":12,"column":4},"end":{"line":14,"column":null}},"9":{"start":{"line":13,"column":8},"end":{"line":13,"column":71}},"10":{"start":{"line":16,"column":17},"end":{"line":16,"column":55}},"11":{"start":{"line":18,"column":4},"end":{"line":22,"column":null}},"12":{"start":{"line":19,"column":8},"end":{"line":19,"column":69}},"13":{"start":{"line":21,"column":8},"end":{"line":21,"column":28}},"14":{"start":{"line":25,"column":24},"end":{"line":111,"column":4}},"15":{"start":{"line":27,"column":52},"end":{"line":30,"column":null}},"16":{"start":{"line":28,"column":22},"end":{"line":28,"column":39}},"17":{"start":{"line":29,"column":8},"end":{"line":29,"column":24}},"18":{"start":{"line":32,"column":51},"end":{"line":41,"column":null}},"19":{"start":{"line":33,"column":25},"end":{"line":33,"column":44}},"20":{"start":{"line":34,"column":8},"end":{"line":34,"column":null}},"21":{"start":{"line":35,"column":21},"end":{"line":35,"column":53}},"22":{"start":{"line":36,"column":8},"end":{"line":36,"column":71}},"23":{"start":{"line":36,"column":19},"end":{"line":36,"column":71}},"24":{"start":{"line":37,"column":77},"end":{"line":38,"column":null}},"25":{"start":{"line":37,"column":48},"end":{"line":37,"column":53}},"26":{"start":{"line":37,"column":72},"end":{"line":37,"column":77}},"27":{"start":{"line":40,"column":8},"end":{"line":40,"column":38}},"28":{"start":{"line":43,"column":52},"end":{"line":71,"column":null}},"29":{"start":{"line":44,"column":8},"end":{"line":44,"column":null}},"30":{"start":{"line":45,"column":24},"end":{"line":45,"column":54}},"31":{"start":{"line":46,"column":29},"end":{"line":46,"column":37}},"32":{"start":{"line":47,"column":8},"end":{"line":47,"column":null}},"33":{"start":{"line":48,"column":8},"end":{"line":58,"column":null}},"34":{"start":{"line":49,"column":12},"end":{"line":57,"column":null}},"35":{"start":{"line":50,"column":16},"end":{"line":56,"column":20}},"36":{"start":{"line":59,"column":8},"end":{"line":59,"column":null}},"37":{"start":{"line":64,"column":21},"end":{"line":67,"column":null}},"38":{"start":{"line":69,"column":77},"end":{"line":69,"column":109}},"39":{"start":{"line":69,"column":48},"end":{"line":69,"column":53}},"40":{"start":{"line":69,"column":72},"end":{"line":69,"column":77}},"41":{"start":{"line":70,"column":8},"end":{"line":70,"column":38}},"42":{"start":{"line":73,"column":58},"end":{"line":101,"column":null}},"43":{"start":{"line":74,"column":8},"end":{"line":74,"column":null}},"44":{"start":{"line":75,"column":24},"end":{"line":75,"column":54}},"45":{"start":{"line":76,"column":29},"end":{"line":76,"column":37}},"46":{"start":{"line":77,"column":8},"end":{"line":77,"column":null}},"47":{"start":{"line":78,"column":8},"end":{"line":91,"column":null}},"48":{"start":{"line":79,"column":12},"end":{"line":79,"column":null}},"49":{"start":{"line":80,"column":12},"end":{"line":80,"column":107}},"50":{"start":{"line":82,"column":13},"end":{"line":91,"column":null}},"51":{"start":{"line":83,"column":12},"end":{"line":83,"column":null}},"52":{"start":{"line":84,"column":12},"end":{"line":90,"column":16}},"53":{"start":{"line":92,"column":30},"end":{"line":92,"column":91}},"54":{"start":{"line":94,"column":21},"end":{"line":97,"column":null}},"55":{"start":{"line":99,"column":77},"end":{"line":99,"column":109}},"56":{"start":{"line":99,"column":48},"end":{"line":99,"column":53}},"57":{"start":{"line":99,"column":72},"end":{"line":99,"column":77}},"58":{"start":{"line":100,"column":8},"end":{"line":100,"column":38}},"59":{"start":{"line":103,"column":60},"end":{"line":105,"column":null}},"60":{"start":{"line":104,"column":8},"end":{"line":104,"column":50}},"61":{"start":{"line":107,"column":57},"end":{"line":109,"column":null}},"62":{"start":{"line":108,"column":8},"end":{"line":108,"column":47}},"63":{"start":{"line":114,"column":0},"end":{"line":114,"column":31}}},"fnMap":{"0":{"name":"(anonymous_9)","decl":{"start":{"line":9,"column":22},"end":{"line":9,"column":29}},"loc":{"start":{"line":9,"column":75},"end":{"line":23,"column":2}}},"1":{"name":"(anonymous_10)","decl":{"start":{"line":9,"column":75},"end":{"line":9,"column":null}},"loc":{"start":{"line":9,"column":75},"end":{"line":23,"column":1}}},"2":{"name":"(anonymous_11)","decl":{"start":{"line":27,"column":14},"end":{"line":27,"column":21}},"loc":{"start":{"line":27,"column":52},"end":{"line":30,"column":null}}},"3":{"name":"(anonymous_12)","decl":{"start":{"line":27,"column":52},"end":{"line":27,"column":null}},"loc":{"start":{"line":27,"column":52},"end":{"line":30,"column":5}}},"4":{"name":"(anonymous_13)","decl":{"start":{"line":32,"column":13},"end":{"line":32,"column":20}},"loc":{"start":{"line":32,"column":51},"end":{"line":41,"column":null}}},"5":{"name":"(anonymous_14)","decl":{"start":{"line":32,"column":51},"end":{"line":32,"column":null}},"loc":{"start":{"line":32,"column":51},"end":{"line":41,"column":5}}},"6":{"name":"(anonymous_15)","decl":{"start":{"line":43,"column":14},"end":{"line":43,"column":21}},"loc":{"start":{"line":43,"column":52},"end":{"line":71,"column":null}}},"7":{"name":"(anonymous_16)","decl":{"start":{"line":43,"column":52},"end":{"line":43,"column":null}},"loc":{"start":{"line":43,"column":52},"end":{"line":71,"column":5}}},"8":{"name":"(anonymous_17)","decl":{"start":{"line":73,"column":20},"end":{"line":73,"column":27}},"loc":{"start":{"line":73,"column":58},"end":{"line":101,"column":null}}},"9":{"name":"(anonymous_18)","decl":{"start":{"line":73,"column":58},"end":{"line":73,"column":null}},"loc":{"start":{"line":73,"column":58},"end":{"line":101,"column":5}}},"10":{"name":"(anonymous_19)","decl":{"start":{"line":103,"column":22},"end":{"line":103,"column":29}},"loc":{"start":{"line":103,"column":60},"end":{"line":105,"column":null}}},"11":{"name":"(anonymous_20)","decl":{"start":{"line":103,"column":60},"end":{"line":103,"column":null}},"loc":{"start":{"line":103,"column":60},"end":{"line":105,"column":5}}},"12":{"name":"(anonymous_21)","decl":{"start":{"line":107,"column":19},"end":{"line":107,"column":26}},"loc":{"start":{"line":107,"column":57},"end":{"line":109,"column":null}}},"13":{"name":"(anonymous_22)","decl":{"start":{"line":107,"column":57},"end":{"line":107,"column":null}},"loc":{"start":{"line":107,"column":57},"end":{"line":109,"column":5}}}},"branchMap":{"0":{"loc":{"start":{"line":12,"column":4},"end":{"line":14,"column":null}},"type":"if","locations":[{"start":{"line":12,"column":4},"end":{"line":14,"column":null}}]},"1":{"loc":{"start":{"line":18,"column":4},"end":{"line":22,"column":null}},"type":"if","locations":[{"start":{"line":18,"column":4},"end":{"line":22,"column":null}},{"start":{"line":20,"column":11},"end":{"line":22,"column":null}}]},"2":{"loc":{"start":{"line":36,"column":8},"end":{"line":36,"column":71}},"type":"if","locations":[{"start":{"line":36,"column":8},"end":{"line":36,"column":71}}]},"3":{"loc":{"start":{"line":48,"column":8},"end":{"line":58,"column":null}},"type":"if","locations":[{"start":{"line":48,"column":8},"end":{"line":58,"column":null}}]},"4":{"loc":{"start":{"line":49,"column":12},"end":{"line":57,"column":null}},"type":"if","locations":[{"start":{"line":49,"column":12},"end":{"line":57,"column":null}}]},"5":{"loc":{"start":{"line":78,"column":8},"end":{"line":91,"column":null}},"type":"if","locations":[{"start":{"line":78,"column":8},"end":{"line":91,"column":null}},{"start":{"line":82,"column":13},"end":{"line":91,"column":null}}]},"6":{"loc":{"start":{"line":82,"column":13},"end":{"line":91,"column":null}},"type":"if","locations":[{"start":{"line":82,"column":13},"end":{"line":91,"column":null}}]}},"s":{"0":2,"1":2,"2":2,"3":2,"4":2,"5":2,"6":0,"7":0,"8":0,"9":0,"10":0,"11":0,"12":0,"13":0,"14":2,"15":1,"16":1,"17":1,"18":2,"19":2,"20":2,"21":2,"22":2,"23":1,"24":2,"25":2,"26":1,"27":1,"28":2,"29":2,"30":2,"31":2,"32":2,"33":2,"34":2,"35":1,"36":1,"37":1,"38":1,"39":1,"40":1,"41":1,"42":3,"43":3,"44":3,"45":3,"46":3,"47":3,"48":1,"49":1,"50":2,"51":1,"52":1,"53":1,"54":1,"55":1,"56":1,"57":1,"58":1,"59":0,"60":0,"61":0,"62":0,"63":2},"f":{"0":0,"1":0,"2":1,"3":1,"4":2,"5":2,"6":2,"7":2,"8":3,"9":3,"10":0,"11":0,"12":0,"13":0},"b":{"0":[0],"1":[0,0],"2":[1],"3":[2],"4":[1],"5":[1,2],"6":[1]}}
,"/Users/filipwozniak/Desktop/awsome-games/projekt-zespolowy/api/src/helpers/handleAsync.ts": {"path":"/Users/filipwozniak/Desktop/awsome-games/projekt-zespolowy/api/src/helpers/handleAsync.ts","statementMap":{"0":{"start":{"line":4,"column":2},"end":{"line":6,"column":4}},"1":{"start":{"line":5,"column":4},"end":{"line":5,"column":35}},"2":{"start":{"line":3,"column":0},"end":{"line":3,"column":24}}},"fnMap":{"0":{"name":"handleAsync","decl":{"start":{"line":3,"column":24},"end":{"line":3,"column":35}},"loc":{"start":{"line":3,"column":105},"end":{"line":7,"column":1}}},"1":{"name":"(anonymous_1)","decl":{"start":{"line":4,"column":9},"end":{"line":4,"column":10}},"loc":{"start":{"line":4,"column":61},"end":{"line":6,"column":3}}}},"branchMap":{},"s":{"0":42,"1":47,"2":2},"f":{"0":42,"1":47},"b":{}}
,"/Users/filipwozniak/Desktop/awsome-games/projekt-zespolowy/api/src/helpers/loginHelper.ts": {"path":"/Users/filipwozniak/Desktop/awsome-games/projekt-zespolowy/api/src/helpers/loginHelper.ts","statementMap":{"0":{"start":{"line":1,"column":0},"end":{"line":1,"column":38}},"1":{"start":{"line":4,"column":4},"end":{"line":12,"column":null}},"2":{"start":{"line":5,"column":21},"end":{"line":5,"column":67}},"3":{"start":{"line":6,"column":8},"end":{"line":6,"column":20}},"4":{"start":{"line":7,"column":10},"end":{"line":12,"column":null}},"5":{"start":{"line":8,"column":21},"end":{"line":8,"column":70}},"6":{"start":{"line":9,"column":8},"end":{"line":9,"column":20}},"7":{"start":{"line":11,"column":8},"end":{"line":11,"column":null}},"8":{"start":{"line":3,"column":0},"end":{"line":3,"column":30}}},"fnMap":{"0":{"name":"loginHelper","decl":{"start":{"line":3,"column":30},"end":{"line":3,"column":41}},"loc":{"start":{"line":3,"column":82},"end":{"line":13,"column":null}}}},"branchMap":{"0":{"loc":{"start":{"line":4,"column":4},"end":{"line":12,"column":null}},"type":"if","locations":[{"start":{"line":4,"column":4},"end":{"line":12,"column":null}},{"start":{"line":7,"column":10},"end":{"line":12,"column":null}}]},"1":{"loc":{"start":{"line":7,"column":10},"end":{"line":12,"column":null}},"type":"if","locations":[{"start":{"line":7,"column":10},"end":{"line":12,"column":null}},{"start":{"line":10,"column":9},"end":{"line":12,"column":null}}]}},"s":{"0":2,"1":4,"2":1,"3":1,"4":3,"5":3,"6":3,"7":0,"8":2},"f":{"0":4},"b":{"0":[1,3],"1":[3,0]}}
,"/Users/filipwozniak/Desktop/awsome-games/projekt-zespolowy/api/src/helpers/validPasswordFormat.ts": {"path":"/Users/filipwozniak/Desktop/awsome-games/projekt-zespolowy/api/src/helpers/validPasswordFormat.ts","statementMap":{"0":{"start":{"line":3,"column":2},"end":{"line":5,"column":null}},"1":{"start":{"line":4,"column":4},"end":{"line":4,"column":17}},"2":{"start":{"line":6,"column":24},"end":{"line":6,"column":93}},"3":{"start":{"line":7,"column":2},"end":{"line":7,"column":38}},"4":{"start":{"line":2,"column":0},"end":{"line":2,"column":24}}},"fnMap":{"0":{"name":"validPasswordFormat","decl":{"start":{"line":2,"column":24},"end":{"line":2,"column":43}},"loc":{"start":{"line":2,"column":60},"end":{"line":8,"column":1}}}},"branchMap":{"0":{"loc":{"start":{"line":3,"column":2},"end":{"line":5,"column":null}},"type":"if","locations":[{"start":{"line":3,"column":2},"end":{"line":5,"column":null}}]}},"s":{"0":8,"1":1,"2":7,"3":7,"4":2},"f":{"0":8},"b":{"0":[1]}}
,"/Users/filipwozniak/Desktop/awsome-games/projekt-zespolowy/api/src/helpers/dbHelp/getFirstScore.ts": {"path":"/Users/filipwozniak/Desktop/awsome-games/projekt-zespolowy/api/src/helpers/dbHelp/getFirstScore.ts","statementMap":{"0":{"start":{"line":1,"column":0},"end":{"line":1,"column":43}},"1":{"start":{"line":2,"column":0},"end":{"line":2,"column":41}},"2":{"start":{"line":3,"column":0},"end":{"line":3,"column":41}},"3":{"start":{"line":6,"column":16},"end":{"line":6,"column":17}},"4":{"start":{"line":8,"column":4},"end":{"line":32,"column":null}},"5":{"start":{"line":9,"column":21},"end":{"line":9,"column":60}},"6":{"start":{"line":10,"column":21},"end":{"line":10,"column":56}},"7":{"start":{"line":12,"column":8},"end":{"line":29,"column":null}},"8":{"start":{"line":13,"column":29},"end":{"line":16,"column":14}},"9":{"start":{"line":17,"column":12},"end":{"line":28,"column":null}},"10":{"start":{"line":18,"column":16},"end":{"line":18,"column":null}},"11":{"start":{"line":21,"column":16},"end":{"line":25,"column":null}},"12":{"start":{"line":27,"column":16},"end":{"line":27,"column":null}},"13":{"start":{"line":31,"column":8},"end":{"line":31,"column":29}},"14":{"start":{"line":34,"column":4},"end":{"line":34,"column":17}},"15":{"start":{"line":5,"column":0},"end":{"line":5,"column":30}}},"fnMap":{"0":{"name":"getFirstScore","decl":{"start":{"line":5,"column":30},"end":{"line":5,"column":43}},"loc":{"start":{"line":5,"column":78},"end":{"line":35,"column":2}}}},"branchMap":{"0":{"loc":{"start":{"line":12,"column":8},"end":{"line":29,"column":null}},"type":"if","locations":[{"start":{"line":12,"column":8},"end":{"line":29,"column":null}}]},"1":{"loc":{"start":{"line":12,"column":12},"end":{"line":12,"column":24}},"type":"binary-expr","locations":[{"start":{"line":12,"column":12},"end":{"line":12,"column":16}},{"start":{"line":12,"column":20},"end":{"line":12,"column":24}}]},"2":{"loc":{"start":{"line":17,"column":12},"end":{"line":28,"column":null}},"type":"if","locations":[{"start":{"line":17,"column":12},"end":{"line":28,"column":null}},{"start":{"line":20,"column":17},"end":{"line":28,"column":null}}]}},"s":{"0":2,"1":2,"2":2,"3":0,"4":0,"5":0,"6":0,"7":0,"8":0,"9":0,"10":0,"11":0,"12":0,"13":0,"14":0,"15":2},"f":{"0":0},"b":{"0":[0],"1":[0,0],"2":[0,0]}}
,"/Users/filipwozniak/Desktop/awsome-games/projekt-zespolowy/api/src/helpers/dbHelp/initGames.ts": {"path":"/Users/filipwozniak/Desktop/awsome-games/projekt-zespolowy/api/src/helpers/dbHelp/initGames.ts","statementMap":{"0":{"start":{"line":1,"column":0},"end":{"line":1,"column":41}},"1":{"start":{"line":4,"column":4},"end":{"line":10,"column":null}},"2":{"start":{"line":5,"column":8},"end":{"line":5,"column":136}},"3":{"start":{"line":6,"column":8},"end":{"line":6,"column":134}},"4":{"start":{"line":7,"column":8},"end":{"line":7,"column":138}},"5":{"start":{"line":9,"column":8},"end":{"line":9,"column":29}},"6":{"start":{"line":3,"column":0},"end":{"line":3,"column":30}}},"fnMap":{"0":{"name":"initGames","decl":{"start":{"line":3,"column":30},"end":{"line":3,"column":39}},"loc":{"start":{"line":3,"column":39},"end":{"line":11,"column":null}}}},"branchMap":{},"s":{"0":0,"1":0,"2":0,"3":0,"4":0,"5":0,"6":0},"f":{"0":0},"b":{}}
,"/Users/filipwozniak/Desktop/awsome-games/projekt-zespolowy/api/src/helpers/dbHelp/updateFirstScore.ts": {"path":"/Users/filipwozniak/Desktop/awsome-games/projekt-zespolowy/api/src/helpers/dbHelp/updateFirstScore.ts","statementMap":{"0":{"start":{"line":1,"column":0},"end":{"line":1,"column":43}},"1":{"start":{"line":2,"column":0},"end":{"line":2,"column":41}},"2":{"start":{"line":3,"column":0},"end":{"line":3,"column":41}},"3":{"start":{"line":6,"column":4},"end":{"line":18,"column":null}},"4":{"start":{"line":7,"column":21},"end":{"line":7,"column":60}},"5":{"start":{"line":8,"column":21},"end":{"line":8,"column":56}},"6":{"start":{"line":10,"column":8},"end":{"line":15,"column":null}},"7":{"start":{"line":11,"column":12},"end":{"line":14,"column":36}},"8":{"start":{"line":17,"column":8},"end":{"line":17,"column":29}},"9":{"start":{"line":5,"column":0},"end":{"line":5,"column":30}}},"fnMap":{"0":{"name":"updateFirstScore","decl":{"start":{"line":5,"column":30},"end":{"line":5,"column":46}},"loc":{"start":{"line":5,"column":99},"end":{"line":19,"column":2}}}},"branchMap":{"0":{"loc":{"start":{"line":10,"column":8},"end":{"line":15,"column":null}},"type":"if","locations":[{"start":{"line":10,"column":8},"end":{"line":15,"column":null}}]},"1":{"loc":{"start":{"line":10,"column":12},"end":{"line":10,"column":24}},"type":"binary-expr","locations":[{"start":{"line":10,"column":12},"end":{"line":10,"column":16}},{"start":{"line":10,"column":20},"end":{"line":10,"column":24}}]}},"s":{"0":2,"1":2,"2":2,"3":0,"4":0,"5":0,"6":0,"7":0,"8":0,"9":2},"f":{"0":0},"b":{"0":[0],"1":[0,0]}}
,"/Users/filipwozniak/Desktop/awsome-games/projekt-zespolowy/api/src/middleware/verifyJwt.ts": {"path":"/Users/filipwozniak/Desktop/awsome-games/projekt-zespolowy/api/src/middleware/verifyJwt.ts","statementMap":{"0":{"start":{"line":2,"column":0},"end":{"line":2,"column":43}},"1":{"start":{"line":5,"column":18},"end":{"line":21,"column":1}},"2":{"start":{"line":6,"column":23},"end":{"line":6,"column":51}},"3":{"start":{"line":7,"column":25},"end":{"line":7,"column":56}},"4":{"start":{"line":9,"column":4},"end":{"line":9,"column":48}},"5":{"start":{"line":9,"column":21},"end":{"line":9,"column":48}},"6":{"start":{"line":11,"column":18},"end":{"line":11,"column":42}},"7":{"start":{"line":12,"column":4},"end":{"line":20,"column":6}},"8":{"start":{"line":16,"column":12},"end":{"line":16,"column":48}},"9":{"start":{"line":16,"column":21},"end":{"line":16,"column":48}},"10":{"start":{"line":17,"column":12},"end":{"line":17,"column":35}},"11":{"start":{"line":18,"column":12},"end":{"line":18,"column":26}},"12":{"start":{"line":23,"column":0},"end":{"line":23,"column":25}}},"fnMap":{"0":{"name":"(anonymous_1)","decl":{"start":{"line":5,"column":18},"end":{"line":5,"column":19}},"loc":{"start":{"line":5,"column":84},"end":{"line":21,"column":1}}},"1":{"name":"(anonymous_2)","decl":{"start":{"line":15,"column":8},"end":{"line":15,"column":9}},"loc":{"start":{"line":15,"column":34},"end":{"line":19,"column":9}}}},"branchMap":{"0":{"loc":{"start":{"line":9,"column":4},"end":{"line":9,"column":48}},"type":"if","locations":[{"start":{"line":9,"column":4},"end":{"line":9,"column":48}}]},"1":{"loc":{"start":{"line":16,"column":12},"end":{"line":16,"column":48}},"type":"if","locations":[{"start":{"line":16,"column":12},"end":{"line":16,"column":48}}]}},"s":{"0":2,"1":2,"2":19,"3":19,"4":19,"5":6,"6":13,"7":13,"8":13,"9":0,"10":13,"11":13,"12":2},"f":{"0":19,"1":13},"b":{"0":[6],"1":[0]}}
,"/Users/filipwozniak/Desktop/awsome-games/projekt-zespolowy/api/src/models/Game.ts": {"path":"/Users/filipwozniak/Desktop/awsome-games/projekt-zespolowy/api/src/models/Game.ts","statementMap":{"0":{"start":{"line":1,"column":0},"end":{"line":1,"column":51}},"1":{"start":{"line":9,"column":19},"end":{"line":21,"column":2}},"2":{"start":{"line":23,"column":13},"end":{"line":23,"column":45}},"3":{"start":{"line":25,"column":9},"end":{"line":25,"column":13}}},"fnMap":{},"branchMap":{},"s":{"0":2,"1":2,"2":2,"3":2},"f":{},"b":{}}
,"/Users/filipwozniak/Desktop/awsome-games/projekt-zespolowy/api/src/models/Player.ts": {"path":"/Users/filipwozniak/Desktop/awsome-games/projekt-zespolowy/api/src/models/Player.ts","statementMap":{"0":{"start":{"line":1,"column":0},"end":{"line":1,"column":34}},"1":{"start":{"line":5,"column":4},"end":{"line":5,"column":43}},"2":{"start":{"line":8,"column":8},"end":{"line":8,"column":27}},"3":{"start":{"line":3,"column":0},"end":{"line":3,"column":13}}},"fnMap":{"0":{"name":"(anonymous_0)","decl":{"start":{"line":7,"column":4},"end":{"line":7,"column":16}},"loc":{"start":{"line":7,"column":26},"end":{"line":9,"column":5}}}},"branchMap":{},"s":{"0":2,"1":0,"2":0,"3":2},"f":{"0":0},"b":{}}
,"/Users/filipwozniak/Desktop/awsome-games/projekt-zespolowy/api/src/models/Room.ts": {"path":"/Users/filipwozniak/Desktop/awsome-games/projekt-zespolowy/api/src/models/Room.ts","statementMap":{"0":{"start":{"line":4,"column":4},"end":{"line":4,"column":21}},"1":{"start":{"line":5,"column":4},"end":{"line":5,"column":51}},"2":{"start":{"line":11,"column":8},"end":{"line":11,"column":22}},"3":{"start":{"line":12,"column":8},"end":{"line":12,"column":24}},"4":{"start":{"line":3,"column":0},"end":{"line":3,"column":13}}},"fnMap":{"0":{"name":"(anonymous_0)","decl":{"start":{"line":9,"column":4},"end":{"line":9,"column":16}},"loc":{"start":{"line":9,"column":42},"end":{"line":13,"column":5}}}},"branchMap":{"0":{"loc":{"start":{"line":9,"column":27},"end":{"line":9,"column":42}},"type":"default-arg","locations":[{"start":{"line":9,"column":39},"end":{"line":9,"column":42}}]}},"s":{"0":0,"1":0,"2":0,"3":0,"4":2},"f":{"0":0},"b":{"0":[0]}}
,"/Users/filipwozniak/Desktop/awsome-games/projekt-zespolowy/api/src/models/Score.ts": {"path":"/Users/filipwozniak/Desktop/awsome-games/projekt-zespolowy/api/src/models/Score.ts","statementMap":{"0":{"start":{"line":1,"column":0},"end":{"line":1,"column":51}},"1":{"start":{"line":9,"column":20},"end":{"line":24,"column":2}},"2":{"start":{"line":26,"column":14},"end":{"line":26,"column":49}},"3":{"start":{"line":28,"column":9},"end":{"line":28,"column":14}}},"fnMap":{},"branchMap":{},"s":{"0":2,"1":2,"2":2,"3":2},"f":{},"b":{}}
,"/Users/filipwozniak/Desktop/awsome-games/projekt-zespolowy/api/src/models/Status.ts": {"path":"/Users/filipwozniak/Desktop/awsome-games/projekt-zespolowy/api/src/models/Status.ts","statementMap":{"0":{"start":{"line":1,"column":0},"end":{"line":1,"column":null}},"1":{"start":{"line":2,"column":4},"end":{"line":2,"column":null}},"2":{"start":{"line":3,"column":4},"end":{"line":3,"column":null}}},"fnMap":{"0":{"name":"(anonymous_0)","decl":{"start":{"line":1,"column":0},"end":{"line":1,"column":12}},"loc":{"start":{"line":1,"column":18},"end":{"line":5,"column":1}}}},"branchMap":{"0":{"loc":{"start":{"line":1,"column":12},"end":{"line":1,"column":null}},"type":"binary-expr","locations":[{"start":{"line":1,"column":12},"end":{"line":1,"column":18}},{"start":{"line":1,"column":18},"end":{"line":1,"column":null}}]}},"s":{"0":2,"1":2,"2":2},"f":{"0":2},"b":{"0":[2,2]}}
,"/Users/filipwozniak/Desktop/awsome-games/projekt-zespolowy/api/src/models/User.ts": {"path":"/Users/filipwozniak/Desktop/awsome-games/projekt-zespolowy/api/src/models/User.ts","statementMap":{"0":{"start":{"line":1,"column":0},"end":{"line":1,"column":51}},"1":{"start":{"line":13,"column":19},"end":{"line":53,"column":2}},"2":{"start":{"line":45,"column":8},"end":{"line":45,"column":34}},"3":{"start":{"line":55,"column":13},"end":{"line":55,"column":45}},"4":{"start":{"line":57,"column":9},"end":{"line":57,"column":13}}},"fnMap":{"0":{"name":"(anonymous_0)","decl":{"start":{"line":44,"column":17},"end":{"line":44,"column":18}},"loc":{"start":{"line":44,"column":33},"end":{"line":46,"column":7}}}},"branchMap":{},"s":{"0":2,"1":2,"2":0,"3":2,"4":2},"f":{"0":0},"b":{}}
,"/Users/filipwozniak/Desktop/awsome-games/projekt-zespolowy/api/src/routes/games.ts": {"path":"/Users/filipwozniak/Desktop/awsome-games/projekt-zespolowy/api/src/routes/games.ts","statementMap":{"0":{"start":{"line":1,"column":0},"end":{"line":1,"column":30}},"1":{"start":{"line":2,"column":0},"end":{"line":2,"column":49}},"2":{"start":{"line":3,"column":0},"end":{"line":3,"column":64}},"3":{"start":{"line":5,"column":15},"end":{"line":5,"column":31}},"4":{"start":{"line":8,"column":0},"end":{"line":8,"column":54}},"5":{"start":{"line":11,"column":0},"end":{"line":11,"column":58}},"6":{"start":{"line":14,"column":0},"end":{"line":14,"column":54}},"7":{"start":{"line":17,"column":0},"end":{"line":17,"column":64}},"8":{"start":{"line":19,"column":0},"end":{"line":19,"column":22}}},"fnMap":{},"branchMap":{},"s":{"0":2,"1":2,"2":2,"3":2,"4":2,"5":2,"6":2,"7":2,"8":2},"f":{},"b":{}}
,"/Users/filipwozniak/Desktop/awsome-games/projekt-zespolowy/api/src/routes/rankings.ts": {"path":"/Users/filipwozniak/Desktop/awsome-games/projekt-zespolowy/api/src/routes/rankings.ts","statementMap":{"0":{"start":{"line":1,"column":0},"end":{"line":1,"column":30}},"1":{"start":{"line":2,"column":0},"end":{"line":2,"column":49}},"2":{"start":{"line":3,"column":0},"end":{"line":3,"column":73}},"3":{"start":{"line":5,"column":15},"end":{"line":5,"column":31}},"4":{"start":{"line":8,"column":0},"end":{"line":8,"column":68}},"5":{"start":{"line":11,"column":0},"end":{"line":11,"column":86}},"6":{"start":{"line":13,"column":0},"end":{"line":13,"column":22}}},"fnMap":{},"branchMap":{},"s":{"0":2,"1":2,"2":2,"3":2,"4":2,"5":2,"6":2},"f":{},"b":{}}
,"/Users/filipwozniak/Desktop/awsome-games/projekt-zespolowy/api/src/routes/users.ts": {"path":"/Users/filipwozniak/Desktop/awsome-games/projekt-zespolowy/api/src/routes/users.ts","statementMap":{"0":{"start":{"line":1,"column":0},"end":{"line":1,"column":30}},"1":{"start":{"line":2,"column":0},"end":{"line":2,"column":48}},"2":{"start":{"line":3,"column":0},"end":{"line":3,"column":64}},"3":{"start":{"line":4,"column":0},"end":{"line":4,"column":64}},"4":{"start":{"line":5,"column":0},"end":{"line":5,"column":67}},"5":{"start":{"line":6,"column":0},"end":{"line":6,"column":49}},"6":{"start":{"line":8,"column":15},"end":{"line":8,"column":31}},"7":{"start":{"line":11,"column":0},"end":{"line":11,"column":65}},"8":{"start":{"line":14,"column":0},"end":{"line":14,"column":78}},"9":{"start":{"line":16,"column":0},"end":{"line":17,"column":2}},"10":{"start":{"line":25,"column":0},"end":{"line":25,"column":63}},"11":{"start":{"line":34,"column":0},"end":{"line":34,"column":69}},"12":{"start":{"line":37,"column":0},"end":{"line":37,"column":70}},"13":{"start":{"line":40,"column":0},"end":{"line":40,"column":80}},"14":{"start":{"line":43,"column":0},"end":{"line":43,"column":104}},"15":{"start":{"line":46,"column":0},"end":{"line":46,"column":83}},"16":{"start":{"line":49,"column":0},"end":{"line":49,"column":91}},"17":{"start":{"line":54,"column":0},"end":{"line":54,"column":100}},"18":{"start":{"line":68,"column":0},"end":{"line":68,"column":72}},"19":{"start":{"line":70,"column":0},"end":{"line":70,"column":85}},"20":{"start":{"line":74,"column":0},"end":{"line":75,"column":2}},"21":{"start":{"line":77,"column":0},"end":{"line":78,"column":2}},"22":{"start":{"line":80,"column":0},"end":{"line":80,"column":22}}},"fnMap":{},"branchMap":{},"s":{"0":2,"1":2,"2":2,"3":2,"4":2,"5":2,"6":2,"7":2,"8":2,"9":2,"10":2,"11":2,"12":2,"13":2,"14":2,"15":2,"16":2,"17":2,"18":2,"19":2,"20":2,"21":2,"22":2},"f":{},"b":{}}
}
