TN:
SF:src/controllers/game/gameController.ts
FN:8,(anonymous_9)
FN:8,(anonymous_10)
FN:51,(anonymous_11)
FN:51,(anonymous_12)
FN:60,(anonymous_13)
FN:60,(anonymous_14)
FN:70,(anonymous_15)
FN:70,(anonymous_16)
FNF:8
FNH:8
FNDA:4,(anonymous_9)
FNDA:4,(anonymous_10)
FNDA:2,(anonymous_11)
FNDA:2,(anonymous_12)
FNDA:1,(anonymous_13)
FNDA:1,(anonymous_14)
FNDA:2,(anonymous_15)
FNDA:2,(anonymous_16)
DA:2,2
DA:3,2
DA:4,2
DA:6,2
DA:8,4
DA:9,4
DA:10,4
DA:12,4
DA:13,1
DA:16,1
DA:17,1
DA:20,3
DA:21,1
DA:25,1
DA:26,1
DA:29,2
DA:30,1
DA:34,1
DA:35,1
DA:38,1
DA:43,1
DA:44,1
DA:46,0
DA:51,2
DA:52,2
DA:53,2
DA:54,2
DA:56,0
DA:60,1
DA:61,1
DA:62,1
DA:63,1
DA:65,0
DA:70,2
DA:71,2
DA:72,2
DA:73,2
DA:75,0
DA:80,2
LF:39
LH:35
BRDA:12,0,0,1
BRDA:12,1,0,4
BRDA:12,1,1,2
BRDA:20,2,0,1
BRDA:20,3,0,3
BRDA:20,3,1,1
BRDA:29,4,0,1
BRDA:29,5,0,2
BRDA:29,5,1,2
BRF:9
BRH:9
end_of_record
TN:
SF:src/controllers/ranking/rankingController.ts
FN:9,(anonymous_8)
FN:9,(anonymous_9)
FN:99,(anonymous_10)
FN:99,(anonymous_11)
FNF:4
FNH:4
FNDA:2,(anonymous_8)
FNDA:2,(anonymous_9)
FNDA:2,(anonymous_10)
FNDA:2,(anonymous_11)
DA:2,2
DA:3,2
DA:4,2
DA:5,2
DA:6,2
DA:8,2
DA:9,2
DA:10,2
DA:11,2
DA:13,2
DA:14,0
DA:50,0
DA:53,2
DA:54,1
DA:90,1
DA:93,1
DA:95,0
DA:96,0
DA:99,2
DA:100,2
DA:101,2
DA:102,2
DA:104,2
DA:105,1
DA:129,1
DA:132,1
DA:133,1
DA:134,1
DA:136,0
DA:137,0
DA:142,2
LF:31
LH:25
BRDA:13,0,0,0
BRDA:53,1,0,1
BRDA:104,2,0,1
BRDA:104,3,0,2
BRDA:104,3,1,2
BRF:5
BRH:4
end_of_record
TN:
SF:src/controllers/score/scoreController.ts
FN:10,(anonymous_9)
FN:10,(anonymous_10)
FN:33,(anonymous_11)
FN:33,(anonymous_12)
FN:44,(anonymous_13)
FN:44,(anonymous_14)
FN:59,(anonymous_15)
FN:59,(anonymous_16)
FN:68,(anonymous_17)
FN:68,(anonymous_18)
FNF:10
FNH:10
FNDA:4,(anonymous_9)
FNDA:4,(anonymous_10)
FNDA:2,(anonymous_11)
FNDA:2,(anonymous_12)
FNDA:2,(anonymous_13)
FNDA:2,(anonymous_14)
FNDA:2,(anonymous_15)
FNDA:2,(anonymous_16)
FNDA:2,(anonymous_17)
FNDA:2,(anonymous_18)
DA:2,2
DA:3,2
DA:4,2
DA:5,2
DA:6,2
DA:8,2
DA:10,4
DA:11,4
DA:13,4
DA:14,4
DA:15,4
DA:17,4
DA:18,4
DA:23,3
DA:24,3
DA:26,0
DA:28,1
DA:33,2
DA:34,2
DA:35,2
DA:36,2
DA:37,1
DA:39,1
DA:44,2
DA:45,2
DA:46,2
DA:47,2
DA:49,2
DA:50,2
DA:51,1
DA:54,1
DA:59,2
DA:60,2
DA:61,2
DA:62,1
DA:64,1
DA:68,2
DA:69,2
DA:70,2
DA:71,1
DA:73,1
DA:78,2
LF:42
LH:41
BRDA:17,0,0,4
BRDA:17,1,0,4
BRDA:17,1,1,4
BRDA:49,2,0,2
BRDA:49,3,0,2
BRDA:49,3,1,2
BRF:6
BRH:6
end_of_record
TN:
SF:src/controllers/user/authController.ts
FN:12,(anonymous_8)
FN:12,(anonymous_9)
FN:68,(anonymous_10)
FN:68,(anonymous_11)
FN:85,(anonymous_12)
FN:85,(anonymous_13)
FN:152,(anonymous_14)
FN:152,(anonymous_15)
FN:171,(anonymous_16)
FNF:9
FNH:9
FNDA:4,(anonymous_8)
FNDA:4,(anonymous_9)
FNDA:1,(anonymous_10)
FNDA:1,(anonymous_11)
FNDA:6,(anonymous_12)
FNDA:6,(anonymous_13)
FNDA:3,(anonymous_14)
FNDA:3,(anonymous_15)
FNDA:1,(anonymous_16)
DA:1,2
DA:2,2
DA:3,2
DA:4,2
DA:6,2
DA:7,2
DA:8,2
DA:9,2
DA:11,2
DA:12,4
DA:14,4
DA:15,4
DA:17,4
DA:19,4
DA:20,4
DA:22,4
DA:23,1
DA:26,3
DA:27,3
DA:28,3
DA:31,2
DA:36,2
DA:42,2
DA:43,2
DA:45,2
DA:49,2
DA:60,1
DA:64,0
DA:65,0
DA:68,1
DA:69,1
DA:71,1
DA:72,1
DA:75,0
DA:77,0
DA:78,0
DA:79,0
DA:81,0
DA:82,0
DA:83,0
DA:85,6
DA:86,6
DA:87,6
DA:88,6
DA:90,6
DA:91,6
DA:92,6
DA:93,1
DA:96,5
DA:97,5
DA:98,1
DA:102,4
DA:103,1
DA:111,3
DA:112,3
DA:118,1
DA:122,1
DA:127,1
DA:128,1
DA:130,1
DA:134,1
DA:146,2
DA:147,2
DA:149,0
DA:152,3
DA:153,3
DA:155,3
DA:156,3
DA:158,3
DA:159,1
DA:162,2
DA:164,2
DA:165,2
DA:168,1
DA:172,1
DA:174,1
DA:179,1
DA:194,2
LF:78
LH:68
BRDA:22,0,0,1
BRDA:28,1,0,2
BRDA:28,1,1,1
BRDA:71,2,0,1
BRDA:77,3,0,0
BRDA:86,4,0,6
BRDA:86,4,1,0
BRDA:87,5,0,6
BRDA:87,5,1,0
BRDA:92,6,0,1
BRDA:97,7,0,1
BRDA:102,8,0,1
BRDA:146,9,0,2
BRDA:158,10,0,1
BRDA:158,11,0,0
BRDA:158,11,1,3
BRDA:158,12,0,3
BRDA:158,12,1,3
BRDA:165,13,0,1
BRDA:165,13,1,1
BRDA:172,14,0,0
BRF:21
BRH:16
end_of_record
TN:
SF:src/controllers/user/userController.ts
FN:9,(anonymous_9)
FN:9,(anonymous_10)
FN:27,(anonymous_11)
FN:27,(anonymous_12)
FN:32,(anonymous_13)
FN:32,(anonymous_14)
FN:43,(anonymous_15)
FN:43,(anonymous_16)
FN:73,(anonymous_17)
FN:73,(anonymous_18)
FN:103,(anonymous_19)
FN:103,(anonymous_20)
FN:107,(anonymous_21)
FN:107,(anonymous_22)
FNF:14
FNH:8
FNDA:0,(anonymous_9)
FNDA:0,(anonymous_10)
FNDA:1,(anonymous_11)
FNDA:1,(anonymous_12)
FNDA:2,(anonymous_13)
FNDA:2,(anonymous_14)
FNDA:2,(anonymous_15)
FNDA:2,(anonymous_16)
FNDA:3,(anonymous_17)
FNDA:3,(anonymous_18)
FNDA:0,(anonymous_19)
FNDA:0,(anonymous_20)
FNDA:0,(anonymous_21)
FNDA:0,(anonymous_22)
DA:2,2
DA:4,2
DA:5,2
DA:6,2
DA:7,2
DA:9,2
DA:10,0
DA:12,0
DA:13,0
DA:16,0
DA:18,0
DA:19,0
DA:21,0
DA:25,2
DA:27,1
DA:28,1
DA:29,1
DA:32,2
DA:33,2
DA:34,2
DA:35,2
DA:36,2
DA:37,2
DA:40,1
DA:43,2
DA:44,2
DA:45,2
DA:46,2
DA:47,2
DA:48,2
DA:49,2
DA:50,1
DA:59,1
DA:64,1
DA:69,1
DA:70,1
DA:73,3
DA:74,3
DA:75,3
DA:76,3
DA:77,3
DA:78,3
DA:79,1
DA:80,1
DA:82,2
DA:83,1
DA:84,1
DA:92,1
DA:94,1
DA:99,1
DA:100,1
DA:103,0
DA:104,0
DA:107,0
DA:108,0
DA:114,2
LF:56
LH:45
BRDA:12,0,0,0
BRDA:18,1,0,0
BRDA:18,1,1,0
BRDA:36,2,0,1
BRDA:48,3,0,2
BRDA:49,4,0,1
BRDA:78,5,0,1
BRDA:78,5,1,2
BRDA:82,6,0,1
BRF:9
BRH:6
end_of_record
TN:
SF:src/helpers/handleAsync.ts
FN:3,handleAsync
FN:4,(anonymous_1)
FNF:2
FNH:2
FNDA:42,handleAsync
FNDA:47,(anonymous_1)
DA:3,2
DA:4,42
DA:5,47
LF:3
LH:3
BRF:0
BRH:0
end_of_record
TN:
SF:src/helpers/loginHelper.ts
FN:3,loginHelper
FNF:1
FNH:1
FNDA:4,loginHelper
DA:1,2
DA:3,2
DA:4,4
DA:5,1
DA:6,1
DA:7,3
DA:8,3
DA:9,3
DA:11,0
LF:9
LH:8
BRDA:4,0,0,1
BRDA:4,0,1,3
BRDA:7,1,0,3
BRDA:7,1,1,0
BRF:4
BRH:3
end_of_record
TN:
SF:src/helpers/validPasswordFormat.ts
FN:2,validPasswordFormat
FNF:1
FNH:1
FNDA:8,validPasswordFormat
DA:2,2
DA:3,8
DA:4,1
DA:6,7
DA:7,7
LF:5
LH:5
BRDA:3,0,0,1
BRF:1
BRH:1
end_of_record
TN:
SF:src/helpers/dbHelp/getFirstScore.ts
FN:5,getFirstScore
FNF:1
FNH:0
FNDA:0,getFirstScore
DA:1,2
DA:2,2
DA:3,2
DA:5,2
DA:6,0
DA:8,0
DA:9,0
DA:10,0
DA:12,0
DA:13,0
DA:17,0
DA:18,0
DA:21,0
DA:27,0
DA:31,0
DA:34,0
LF:16
LH:4
BRDA:12,0,0,0
BRDA:12,1,0,0
BRDA:12,1,1,0
BRDA:17,2,0,0
BRDA:17,2,1,0
BRF:5
BRH:0
end_of_record
TN:
SF:src/helpers/dbHelp/initGames.ts
FN:3,initGames
FNF:1
FNH:0
FNDA:0,initGames
DA:1,0
DA:3,0
DA:4,0
DA:5,0
DA:6,0
DA:7,0
DA:9,0
LF:7
LH:0
BRF:0
BRH:0
end_of_record
TN:
SF:src/helpers/dbHelp/updateFirstScore.ts
FN:5,updateFirstScore
FNF:1
FNH:0
FNDA:0,updateFirstScore
DA:1,2
DA:2,2
DA:3,2
DA:5,2
DA:6,0
DA:7,0
DA:8,0
DA:10,0
DA:11,0
DA:17,0
LF:10
LH:4
BRDA:10,0,0,0
BRDA:10,1,0,0
BRDA:10,1,1,0
BRF:3
BRH:0
end_of_record
TN:
SF:src/middleware/verifyJwt.ts
FN:5,(anonymous_1)
FN:15,(anonymous_2)
FNF:2
FNH:2
FNDA:19,(anonymous_1)
FNDA:13,(anonymous_2)
DA:2,2
DA:5,2
DA:6,19
DA:7,19
DA:9,19
DA:11,13
DA:12,13
DA:16,13
DA:17,13
DA:18,13
DA:23,2
LF:11
LH:11
BRDA:9,0,0,6
BRDA:16,1,0,0
BRF:2
BRH:1
end_of_record
TN:
SF:src/models/Game.ts
FNF:0
FNH:0
DA:1,2
DA:9,2
DA:23,2
DA:25,2
LF:4
LH:4
BRF:0
BRH:0
end_of_record
TN:
SF:src/models/Player.ts
FN:7,(anonymous_0)
FNF:1
FNH:0
FNDA:0,(anonymous_0)
DA:1,2
DA:3,2
DA:5,0
DA:8,0
LF:4
LH:2
BRF:0
BRH:0
end_of_record
TN:
SF:src/models/Room.ts
FN:9,(anonymous_0)
FNF:1
FNH:0
FNDA:0,(anonymous_0)
DA:3,2
DA:4,0
DA:5,0
DA:11,0
DA:12,0
LF:5
LH:1
BRDA:9,0,0,0
BRF:1
BRH:0
end_of_record
TN:
SF:src/models/Score.ts
FNF:0
FNH:0
DA:1,2
DA:9,2
DA:26,2
DA:28,2
LF:4
LH:4
BRF:0
BRH:0
end_of_record
TN:
SF:src/models/Status.ts
FN:1,(anonymous_0)
FNF:1
FNH:1
FNDA:2,(anonymous_0)
DA:1,2
DA:2,2
DA:3,2
LF:3
LH:3
BRDA:1,0,0,2
BRDA:1,0,1,2
BRF:2
BRH:2
end_of_record
TN:
SF:src/models/User.ts
FN:44,(anonymous_0)
FNF:1
FNH:0
FNDA:0,(anonymous_0)
DA:1,2
DA:13,2
DA:45,0
DA:55,2
DA:57,2
LF:5
LH:4
BRF:0
BRH:0
end_of_record
TN:
SF:src/routes/games.ts
FNF:0
FNH:0
DA:1,2
DA:2,2
DA:3,2
DA:5,2
DA:8,2
DA:11,2
DA:14,2
DA:17,2
DA:19,2
LF:9
LH:9
BRF:0
BRH:0
end_of_record
TN:
SF:src/routes/rankings.ts
FNF:0
FNH:0
DA:1,2
DA:2,2
DA:3,2
DA:5,2
DA:8,2
DA:11,2
DA:13,2
LF:7
LH:7
BRF:0
BRH:0
end_of_record
TN:
SF:src/routes/users.ts
FNF:0
FNH:0
DA:1,2
DA:2,2
DA:3,2
DA:4,2
DA:5,2
DA:6,2
DA:8,2
DA:11,2
DA:14,2
DA:16,2
DA:25,2
DA:34,2
DA:37,2
DA:40,2
DA:43,2
DA:46,2
DA:49,2
DA:54,2
DA:68,2
DA:70,2
DA:74,2
DA:77,2
DA:80,2
LF:23
LH:23
BRF:0
BRH:0
end_of_record
